<?xml version="1.0" encoding="UTF-8"?>
<testng-results ignored="0" total="1" passed="1" failed="0" skipped="0">
  <reporter-output>
  </reporter-output>
  <suite started-at="2023-09-12T10:52:02 IST" name="Default suite" finished-at="2023-09-12T10:52:10 IST" duration-ms="7802">
    <groups>
    </groups>
    <test started-at="2023-09-12T10:52:02 IST" name="Default test" finished-at="2023-09-12T10:52:10 IST" duration-ms="7802">
      <class name="com.apiPractice.Authontication">
        <test-method signature="testDigestAuthentication()[pri:0, instance:com.apiPractice.Authontication@5af3afd9]" started-at="2023-09-12T10:52:02 IST" name="testDigestAuthentication" finished-at="2023-09-12T10:52:10 IST" duration-ms="7731" status="PASS">
          <reporter-output>
          </reporter-output>
        </test-method> <!-- testDigestAuthentication -->
      </class> <!-- com.apiPractice.Authontication -->
    </test> <!-- Default test -->
  </suite> <!-- Default suite -->
</testng-results>
